<?xml version="1.0" encoding="UTF-8"?>
<!-- Generated by org.testng.reporters.JUnitXMLReporter -->
<testsuite ignored="0" hostname="DESKTOP-V7BV2H2" failures="0" tests="4" name="Default test" time="16.636" errors="0" timestamp="2024-06-01T13:53:23 IST">
  <testcase classname="api.testcases.UserTest" name="testcreatemethod" time="7.941"/>
  <testcase classname="api.testcases.UserTest" name="getuserdata" time="1.722"/>
  <testcase classname="api.testcases.UserTest" name="updateuserdata" time="3.334"/>
  <testcase classname="api.testcases.UserTest" name="Deleteuserdata" time="1.53"/>
</testsuite> <!-- Default test -->
