<?xml version="1.0" encoding="UTF-8"?>
<!-- Generated by org.testng.reporters.JUnitXMLReporter -->
<testsuite ignored="0" hostname="DESKTOP-V7BV2H2" failures="0" tests="18" name="RestAssuredXML" time="40.274" errors="0" timestamp="2024-05-31T16:13:52 IST">
  <testcase classname="api.testcases.UserTestDD" name="testCreateUser" time="6.318"/>
  <testcase classname="api.testcases.UserTestDD" name="testCreateUser" time="1.617"/>
  <testcase classname="api.testcases.UserTestDD" name="testCreateUser" time="1.698"/>
  <testcase classname="api.testcases.UserTestDD" name="testCreateUser" time="1.56"/>
  <testcase classname="api.testcases.UserTestDD" name="testCreateUser" time="1.699"/>
  <testcase classname="api.testcases.UserTestDD" name="testCreateUser" time="1.682"/>
  <testcase classname="api.testcases.UserTestDD" name="testGetUserData" time="1.677"/>
  <testcase classname="api.testcases.UserTestDD" name="testGetUserData" time="1.593"/>
  <testcase classname="api.testcases.UserTestDD" name="testGetUserData" time="1.666"/>
  <testcase classname="api.testcases.UserTestDD" name="testGetUserData" time="1.641"/>
  <testcase classname="api.testcases.UserTestDD" name="testGetUserData" time="1.59"/>
  <testcase classname="api.testcases.UserTestDD" name="testGetUserData" time="1.618"/>
  <testcase classname="api.testcases.UserTestDD" name="TestDeleteData" time="1.686"/>
  <testcase classname="api.testcases.UserTestDD" name="TestDeleteData" time="1.564"/>
  <testcase classname="api.testcases.UserTestDD" name="TestDeleteData" time="1.671"/>
  <testcase classname="api.testcases.UserTestDD" name="TestDeleteData" time="1.679"/>
  <testcase classname="api.testcases.UserTestDD" name="TestDeleteData" time="1.597"/>
  <testcase classname="api.testcases.UserTestDD" name="TestDeleteData" time="1.679"/>
</testsuite> <!-- RestAssuredXML -->
