<?xml version="1.0" encoding="UTF-8"?>
<!-- Generated by org.testng.reporters.JUnitXMLReporter -->
<testsuite ignored="0" hostname="DESKTOP-V7BV2H2" failures="2" tests="18" name="RestAssuredXML" time="38.631" errors="0" timestamp="2024-06-01T14:37:15 IST">
  <testcase classname="api.testcases.UserTestDD" name="testCreateUser" time="5.064"/>
  <testcase classname="api.testcases.UserTestDD" name="testCreateUser" time="2.148"/>
  <testcase classname="api.testcases.UserTestDD" name="testCreateUser" time="1.657"/>
  <testcase classname="api.testcases.UserTestDD" name="testCreateUser" time="1.614"/>
  <testcase classname="api.testcases.UserTestDD" name="testCreateUser" time="1.742"/>
  <testcase classname="api.testcases.UserTestDD" name="testCreateUser" time="1.622"/>
  <testcase classname="api.testcases.UserTestDD" name="testGetUserData" time="1.676">
    <failure type="java.lang.AssertionError" message="expected [200] but found [404]">
      <![CDATA[java.lang.AssertionError: expected [200] but found [404]
at api.testcases.UserTestDD.testGetUserData(UserTestDD.java:50)
at java.base/java.util.ArrayList.forEach(ArrayList.java:1511)
... Removed 36 stack frames]]>
    </failure>
  </testcase> <!-- testGetUserData -->
  <testcase classname="api.testcases.UserTestDD" name="testGetUserData" time="1.611"/>
  <testcase classname="api.testcases.UserTestDD" name="testGetUserData" time="1.582"/>
  <testcase classname="api.testcases.UserTestDD" name="testGetUserData" time="1.655"/>
  <testcase classname="api.testcases.UserTestDD" name="testGetUserData" time="1.595"/>
  <testcase classname="api.testcases.UserTestDD" name="testGetUserData" time="1.752"/>
  <testcase classname="api.testcases.UserTestDD" name="TestDeleteData" time="1.709">
    <failure type="java.lang.AssertionError" message="expected [200] but found [404]">
      <![CDATA[java.lang.AssertionError: expected [200] but found [404]
at api.testcases.UserTestDD.TestDeleteData(UserTestDD.java:69)
at java.base/java.util.ArrayList.forEach(ArrayList.java:1511)
... Removed 36 stack frames]]>
    </failure>
  </testcase> <!-- TestDeleteData -->
  <testcase classname="api.testcases.UserTestDD" name="TestDeleteData" time="1.593"/>
  <testcase classname="api.testcases.UserTestDD" name="TestDeleteData" time="1.541"/>
  <testcase classname="api.testcases.UserTestDD" name="TestDeleteData" time="1.596"/>
  <testcase classname="api.testcases.UserTestDD" name="TestDeleteData" time="1.614"/>
  <testcase classname="api.testcases.UserTestDD" name="TestDeleteData" time="1.528"/>
</testsuite> <!-- RestAssuredXML -->
