<?xml version="1.0" encoding="UTF-8"?>
<testsuite xmlns:xsi="http://www.w3.org/2001/XMLSchema-instance" xsi:noNamespaceSchemaLocation="https://maven.apache.org/surefire/maven-surefire-plugin/xsd/surefire-test-report-3.0.xsd" version="3.0" name="TestSuite" time="40.099" tests="18" errors="0" skipped="0" failures="2">
  <properties>
[...]
</properties>
  <testcase name="testCreateUser[1, ct, Carina, Torp, test1@yopmail.com, 4325678345, Test@123](1)" classname="api.testcases.UserTestDD" time="5.081">
    <system-out><![CDATA[On Start method invoked....
2024-06-01 14:36:37,123 main ERROR PatternLayout contains an invalid element or attribute "title"
Name of test method started:testCreateUser
HTTP/1.1 200 OK
Date: Sat, 01 Jun 2024 09:06:49 GMT
Content-Type: application/json
Transfer-Encoding: chunked
Connection: keep-alive
Access-Control-Allow-Origin: *
Access-Control-Allow-Methods: GET, POST, DELETE, PUT
Access-Control-Allow-Headers: Content-Type, api_key, Authorization
Server: Jetty(9.2.9.v20150224)

{
    "code": 200,
    "type": "unknown",
    "message": "1"
}
Name of test method sucessfully executed:testCreateUser
]]></system-out>
    <system-err><![CDATA[SLF4J: Failed to load class "org.slf4j.impl.StaticLoggerBinder".
SLF4J: Defaulting to no-operation (NOP) logger implementation
SLF4J: See http://www.slf4j.org/codes.html#StaticLoggerBinder for further details.
]]></system-err>
  </testcase>
  <testcase name="testCreateUser[2, jh, Jeppe, Hertz, test2@yopmail.com, 4325678346, Test@124](2)" classname="api.testcases.UserTestDD" time="2.156">
    <system-out><![CDATA[Name of test method started:testCreateUser
HTTP/1.1 200 OK
Date: Sat, 01 Jun 2024 09:06:51 GMT
Content-Type: application/json
Transfer-Encoding: chunked
Connection: keep-alive
Access-Control-Allow-Origin: *
Access-Control-Allow-Methods: GET, POST, DELETE, PUT
Access-Control-Allow-Headers: Content-Type, api_key, Authorization
Server: Jetty(9.2.9.v20150224)

{
    "code": 200,
    "type": "unknown",
    "message": "2"
}
Name of test method sucessfully executed:testCreateUser
]]></system-out>
  </testcase>
  <testcase name="testCreateUser[3, Vs, Vang, Skøtt, test3@yopmail.com, 4325678347, Test@125](3)" classname="api.testcases.UserTestDD" time="1.659">
    <system-out><![CDATA[Name of test method started:testCreateUser
HTTP/1.1 200 OK
Date: Sat, 01 Jun 2024 09:06:53 GMT
Content-Type: application/json
Transfer-Encoding: chunked
Connection: keep-alive
Access-Control-Allow-Origin: *
Access-Control-Allow-Methods: GET, POST, DELETE, PUT
Access-Control-Allow-Headers: Content-Type, api_key, Authorization
Server: Jetty(9.2.9.v20150224)

{
    "code": 200,
    "type": "unknown",
    "message": "3"
}
Name of test method sucessfully executed:testCreateUser
]]></system-out>
  </testcase>
  <testcase name="testCreateUser[4, Cf, Christen, Friis, test4@yopmail.com, 4325678348, Test@126](4)" classname="api.testcases.UserTestDD" time="1.614">
    <system-out><![CDATA[Name of test method started:testCreateUser
HTTP/1.1 200 OK
Date: Sat, 01 Jun 2024 09:06:55 GMT
Content-Type: application/json
Transfer-Encoding: chunked
Connection: keep-alive
Access-Control-Allow-Origin: *
Access-Control-Allow-Methods: GET, POST, DELETE, PUT
Access-Control-Allow-Headers: Content-Type, api_key, Authorization
Server: Jetty(9.2.9.v20150224)

{
    "code": 200,
    "type": "unknown",
    "message": "4"
}
Name of test method sucessfully executed:testCreateUser
]]></system-out>
  </testcase>
  <testcase name="testCreateUser[5, St, Stig, Thomsen, test5@yopmail.com, 4325678349, Test@127](5)" classname="api.testcases.UserTestDD" time="1.743">
    <system-out><![CDATA[Name of test method started:testCreateUser
HTTP/1.1 200 OK
Date: Sat, 01 Jun 2024 09:06:56 GMT
Content-Type: application/json
Transfer-Encoding: chunked
Connection: keep-alive
Access-Control-Allow-Origin: *
Access-Control-Allow-Methods: GET, POST, DELETE, PUT
Access-Control-Allow-Headers: Content-Type, api_key, Authorization
Server: Jetty(9.2.9.v20150224)

{
    "code": 200,
    "type": "unknown",
    "message": "5"
}
Name of test method sucessfully executed:testCreateUser
]]></system-out>
  </testcase>
  <testcase name="testCreateUser[6, Kb, Kate, Boisen, test6@yopmail.com, 4325678350, Test@128](6)" classname="api.testcases.UserTestDD" time="1.622">
    <system-out><![CDATA[Name of test method started:testCreateUser
HTTP/1.1 200 OK
Date: Sat, 01 Jun 2024 09:06:58 GMT
Content-Type: application/json
Transfer-Encoding: chunked
Connection: keep-alive
Access-Control-Allow-Origin: *
Access-Control-Allow-Methods: GET, POST, DELETE, PUT
Access-Control-Allow-Headers: Content-Type, api_key, Authorization
Server: Jetty(9.2.9.v20150224)

{
    "code": 200,
    "type": "unknown",
    "message": "6"
}
Name of test method sucessfully executed:testCreateUser
]]></system-out>
  </testcase>
  <testcase name="testGetUserData[ct](1)" classname="api.testcases.UserTestDD" time="1.694">
    <failure message="expected [200] but found [404]" type="java.lang.AssertionError"><![CDATA[java.lang.AssertionError: expected [200] but found [404]
	at org.testng.Assert.fail(Assert.java:110)
	at org.testng.Assert.failNotEquals(Assert.java:1577)
	at org.testng.Assert.assertEqualsImpl(Assert.java:149)
	at org.testng.Assert.assertEquals(Assert.java:131)
	at org.testng.Assert.assertEquals(Assert.java:1418)
	at org.testng.Assert.assertEquals(Assert.java:1382)
	at org.testng.Assert.assertEquals(Assert.java:1428)
	at api.testcases.UserTestDD.testGetUserData(UserTestDD.java:50)
	at java.base/jdk.internal.reflect.DirectMethodHandleAccessor.invoke(DirectMethodHandleAccessor.java:104)
	at java.base/java.lang.reflect.Method.invoke(Method.java:578)
	at org.testng.internal.invokers.MethodInvocationHelper.invokeMethod(MethodInvocationHelper.java:139)
	at org.testng.internal.invokers.TestInvoker.invokeMethod(TestInvoker.java:677)
	at org.testng.internal.invokers.TestInvoker.invokeTestMethod(TestInvoker.java:221)
	at org.testng.internal.invokers.MethodRunner.runInSequence(MethodRunner.java:50)
	at org.testng.internal.invokers.TestInvoker$MethodInvocationAgent.invoke(TestInvoker.java:969)
	at org.testng.internal.invokers.TestInvoker.invokeTestMethods(TestInvoker.java:194)
	at org.testng.internal.invokers.TestMethodWorker.invokeTestMethods(TestMethodWorker.java:148)
	at org.testng.internal.invokers.TestMethodWorker.run(TestMethodWorker.java:128)
	at java.base/java.util.ArrayList.forEach(ArrayList.java:1511)
	at org.testng.TestRunner.privateRun(TestRunner.java:829)
	at org.testng.TestRunner.run(TestRunner.java:602)
	at org.testng.SuiteRunner.runTest(SuiteRunner.java:437)
	at org.testng.SuiteRunner.runSequentially(SuiteRunner.java:431)
	at org.testng.SuiteRunner.privateRun(SuiteRunner.java:391)
	at org.testng.SuiteRunner.run(SuiteRunner.java:330)
	at org.testng.SuiteRunnerWorker.runSuite(SuiteRunnerWorker.java:52)
	at org.testng.SuiteRunnerWorker.run(SuiteRunnerWorker.java:95)
	at org.testng.TestNG.runSuitesSequentially(TestNG.java:1256)
	at org.testng.TestNG.runSuitesLocally(TestNG.java:1176)
	at org.testng.TestNG.runSuites(TestNG.java:1099)
	at org.testng.TestNG.run(TestNG.java:1067)
	at org.apache.maven.surefire.testng.TestNGExecutor.run(TestNGExecutor.java:324)
	at org.apache.maven.surefire.testng.TestNGXmlTestSuite.execute(TestNGXmlTestSuite.java:74)
	at org.apache.maven.surefire.testng.TestNGProvider.invoke(TestNGProvider.java:123)
	at org.apache.maven.surefire.booter.ForkedBooter.runSuitesInProcess(ForkedBooter.java:456)
	at org.apache.maven.surefire.booter.ForkedBooter.execute(ForkedBooter.java:169)
	at org.apache.maven.surefire.booter.ForkedBooter.run(ForkedBooter.java:595)
	at org.apache.maven.surefire.booter.ForkedBooter.main(ForkedBooter.java:581)
]]></failure>
    <system-out><![CDATA[Name of test method started:testGetUserData
Get User Data.
HTTP/1.1 404 Not Found
Date: Sat, 01 Jun 2024 09:07:00 GMT
Content-Type: application/json
Transfer-Encoding: chunked
Connection: keep-alive
Access-Control-Allow-Origin: *
Access-Control-Allow-Methods: GET, POST, DELETE, PUT
Access-Control-Allow-Headers: Content-Type, api_key, Authorization
Server: Jetty(9.2.9.v20150224)

{
    "code": 1,
    "type": "error",
    "message": "User not found"
}
]]></system-out>
  </testcase>
  <testcase name="testGetUserData[jh](2)" classname="api.testcases.UserTestDD" time="1.612">
    <system-out><![CDATA[Name of test method started:testGetUserData
Get User Data.
HTTP/1.1 200 OK
Date: Sat, 01 Jun 2024 09:07:02 GMT
Content-Type: application/json
Transfer-Encoding: chunked
Connection: keep-alive
Access-Control-Allow-Origin: *
Access-Control-Allow-Methods: GET, POST, DELETE, PUT
Access-Control-Allow-Headers: Content-Type, api_key, Authorization
Server: Jetty(9.2.9.v20150224)

{
    "id": 2,
    "username": "jh",
    "firstName": "Jeppe",
    "lastName": "Hertz",
    "email": "test2@yopmail.com",
    "password": "4325678346",
    "phone": "Test@124",
    "userStatus": 0
}
Name of test method sucessfully executed:testGetUserData
]]></system-out>
  </testcase>
  <testcase name="testGetUserData[Vs](3)" classname="api.testcases.UserTestDD" time="1.58">
    <system-out><![CDATA[Name of test method started:testGetUserData
Get User Data.
HTTP/1.1 200 OK
Date: Sat, 01 Jun 2024 09:07:03 GMT
Content-Type: application/json
Transfer-Encoding: chunked
Connection: keep-alive
Access-Control-Allow-Origin: *
Access-Control-Allow-Methods: GET, POST, DELETE, PUT
Access-Control-Allow-Headers: Content-Type, api_key, Authorization
Server: Jetty(9.2.9.v20150224)

{
    "id": 3,
    "username": "Vs",
    "firstName": "Vang",
    "lastName": "Skøtt",
    "email": "test3@yopmail.com",
    "password": "4325678347",
    "phone": "Test@125",
    "userStatus": 0
}
Name of test method sucessfully executed:testGetUserData
]]></system-out>
  </testcase>
  <testcase name="testGetUserData[Cf](4)" classname="api.testcases.UserTestDD" time="1.653">
    <system-out><![CDATA[Name of test method started:testGetUserData
Get User Data.
HTTP/1.1 200 OK
Date: Sat, 01 Jun 2024 09:07:05 GMT
Content-Type: application/json
Transfer-Encoding: chunked
Connection: keep-alive
Access-Control-Allow-Origin: *
Access-Control-Allow-Methods: GET, POST, DELETE, PUT
Access-Control-Allow-Headers: Content-Type, api_key, Authorization
Server: Jetty(9.2.9.v20150224)

{
    "id": 4,
    "username": "Cf",
    "firstName": "Christen",
    "lastName": "Friis",
    "email": "test4@yopmail.com",
    "password": "4325678348",
    "phone": "Test@126",
    "userStatus": 0
}
Name of test method sucessfully executed:testGetUserData
]]></system-out>
  </testcase>
  <testcase name="testGetUserData[St](5)" classname="api.testcases.UserTestDD" time="1.609">
    <system-out><![CDATA[Name of test method started:testGetUserData
Get User Data.
HTTP/1.1 200 OK
Date: Sat, 01 Jun 2024 09:07:06 GMT
Content-Type: application/json
Transfer-Encoding: chunked
Connection: keep-alive
Access-Control-Allow-Origin: *
Access-Control-Allow-Methods: GET, POST, DELETE, PUT
Access-Control-Allow-Headers: Content-Type, api_key, Authorization
Server: Jetty(9.2.9.v20150224)

{
    "id": 5,
    "username": "St",
    "firstName": "Stig",
    "lastName": "Thomsen",
    "email": "test5@yopmail.com",
    "password": "4325678349",
    "phone": "Test@127",
    "userStatus": 0
}
Name of test method sucessfully executed:testGetUserData
]]></system-out>
  </testcase>
  <testcase name="testGetUserData[Kb](6)" classname="api.testcases.UserTestDD" time="1.742">
    <system-out><![CDATA[Name of test method started:testGetUserData
Get User Data.
HTTP/1.1 200 OK
Date: Sat, 01 Jun 2024 09:07:08 GMT
Content-Type: application/json
Transfer-Encoding: chunked
Connection: keep-alive
Access-Control-Allow-Origin: *
Access-Control-Allow-Methods: GET, POST, DELETE, PUT
Access-Control-Allow-Headers: Content-Type, api_key, Authorization
Server: Jetty(9.2.9.v20150224)

{
    "id": 6,
    "username": "Kb",
    "firstName": "Kate",
    "lastName": "Boisen",
    "email": "test6@yopmail.com",
    "password": "4325678350",
    "phone": "Test@128",
    "userStatus": 0
}
Name of test method sucessfully executed:testGetUserData
]]></system-out>
  </testcase>
  <testcase name="TestDeleteData[ct](1)" classname="api.testcases.UserTestDD" time="1.711">
    <failure message="expected [200] but found [404]" type="java.lang.AssertionError"><![CDATA[java.lang.AssertionError: expected [200] but found [404]
	at org.testng.Assert.fail(Assert.java:110)
	at org.testng.Assert.failNotEquals(Assert.java:1577)
	at org.testng.Assert.assertEqualsImpl(Assert.java:149)
	at org.testng.Assert.assertEquals(Assert.java:131)
	at org.testng.Assert.assertEquals(Assert.java:1418)
	at org.testng.Assert.assertEquals(Assert.java:1382)
	at org.testng.Assert.assertEquals(Assert.java:1428)
	at api.testcases.UserTestDD.TestDeleteData(UserTestDD.java:69)
	at java.base/jdk.internal.reflect.DirectMethodHandleAccessor.invoke(DirectMethodHandleAccessor.java:104)
	at java.base/java.lang.reflect.Method.invoke(Method.java:578)
	at org.testng.internal.invokers.MethodInvocationHelper.invokeMethod(MethodInvocationHelper.java:139)
	at org.testng.internal.invokers.TestInvoker.invokeMethod(TestInvoker.java:677)
	at org.testng.internal.invokers.TestInvoker.invokeTestMethod(TestInvoker.java:221)
	at org.testng.internal.invokers.MethodRunner.runInSequence(MethodRunner.java:50)
	at org.testng.internal.invokers.TestInvoker$MethodInvocationAgent.invoke(TestInvoker.java:969)
	at org.testng.internal.invokers.TestInvoker.invokeTestMethods(TestInvoker.java:194)
	at org.testng.internal.invokers.TestMethodWorker.invokeTestMethods(TestMethodWorker.java:148)
	at org.testng.internal.invokers.TestMethodWorker.run(TestMethodWorker.java:128)
	at java.base/java.util.ArrayList.forEach(ArrayList.java:1511)
	at org.testng.TestRunner.privateRun(TestRunner.java:829)
	at org.testng.TestRunner.run(TestRunner.java:602)
	at org.testng.SuiteRunner.runTest(SuiteRunner.java:437)
	at org.testng.SuiteRunner.runSequentially(SuiteRunner.java:431)
	at org.testng.SuiteRunner.privateRun(SuiteRunner.java:391)
	at org.testng.SuiteRunner.run(SuiteRunner.java:330)
	at org.testng.SuiteRunnerWorker.runSuite(SuiteRunnerWorker.java:52)
	at org.testng.SuiteRunnerWorker.run(SuiteRunnerWorker.java:95)
	at org.testng.TestNG.runSuitesSequentially(TestNG.java:1256)
	at org.testng.TestNG.runSuitesLocally(TestNG.java:1176)
	at org.testng.TestNG.runSuites(TestNG.java:1099)
	at org.testng.TestNG.run(TestNG.java:1067)
	at org.apache.maven.surefire.testng.TestNGExecutor.run(TestNGExecutor.java:324)
	at org.apache.maven.surefire.testng.TestNGXmlTestSuite.execute(TestNGXmlTestSuite.java:74)
	at org.apache.maven.surefire.testng.TestNGProvider.invoke(TestNGProvider.java:123)
	at org.apache.maven.surefire.booter.ForkedBooter.runSuitesInProcess(ForkedBooter.java:456)
	at org.apache.maven.surefire.booter.ForkedBooter.execute(ForkedBooter.java:169)
	at org.apache.maven.surefire.booter.ForkedBooter.run(ForkedBooter.java:595)
	at org.apache.maven.surefire.booter.ForkedBooter.main(ForkedBooter.java:581)
]]></failure>
    <system-out><![CDATA[Name of test method started:TestDeleteData
Delete User Data.
HTTP/1.1 404 Not Found
Date: Sat, 01 Jun 2024 09:07:10 GMT
Content-Length: 0
Connection: keep-alive
Access-Control-Allow-Origin: *
Access-Control-Allow-Methods: GET, POST, DELETE, PUT
Access-Control-Allow-Headers: Content-Type, api_key, Authorization
Server: Jetty(9.2.9.v20150224)
]]></system-out>
  </testcase>
  <testcase name="TestDeleteData[jh](2)" classname="api.testcases.UserTestDD" time="1.595">
    <system-out><![CDATA[Name of test method started:TestDeleteData
Delete User Data.
HTTP/1.1 200 OK
Date: Sat, 01 Jun 2024 09:07:12 GMT
Content-Type: application/json
Transfer-Encoding: chunked
Connection: keep-alive
Access-Control-Allow-Origin: *
Access-Control-Allow-Methods: GET, POST, DELETE, PUT
Access-Control-Allow-Headers: Content-Type, api_key, Authorization
Server: Jetty(9.2.9.v20150224)

{
    "code": 200,
    "type": "unknown",
    "message": "jh"
}
Name of test method sucessfully executed:TestDeleteData
]]></system-out>
  </testcase>
  <testcase name="TestDeleteData[Vs](3)" classname="api.testcases.UserTestDD" time="1.542">
    <system-out><![CDATA[Name of test method started:TestDeleteData
Delete User Data.
HTTP/1.1 200 OK
Date: Sat, 01 Jun 2024 09:07:13 GMT
Content-Type: application/json
Transfer-Encoding: chunked
Connection: keep-alive
Access-Control-Allow-Origin: *
Access-Control-Allow-Methods: GET, POST, DELETE, PUT
Access-Control-Allow-Headers: Content-Type, api_key, Authorization
Server: Jetty(9.2.9.v20150224)

{
    "code": 200,
    "type": "unknown",
    "message": "Vs"
}
Name of test method sucessfully executed:TestDeleteData
]]></system-out>
  </testcase>
  <testcase name="TestDeleteData[Cf](4)" classname="api.testcases.UserTestDD" time="1.596">
    <system-out><![CDATA[Name of test method started:TestDeleteData
Delete User Data.
HTTP/1.1 200 OK
Date: Sat, 01 Jun 2024 09:07:15 GMT
Content-Type: application/json
Transfer-Encoding: chunked
Connection: keep-alive
Access-Control-Allow-Origin: *
Access-Control-Allow-Methods: GET, POST, DELETE, PUT
Access-Control-Allow-Headers: Content-Type, api_key, Authorization
Server: Jetty(9.2.9.v20150224)

{
    "code": 200,
    "type": "unknown",
    "message": "Cf"
}
Name of test method sucessfully executed:TestDeleteData
]]></system-out>
  </testcase>
  <testcase name="TestDeleteData[St](5)" classname="api.testcases.UserTestDD" time="1.615">
    <system-out><![CDATA[Name of test method started:TestDeleteData
Delete User Data.
HTTP/1.1 200 OK
Date: Sat, 01 Jun 2024 09:07:16 GMT
Content-Type: application/json
Transfer-Encoding: chunked
Connection: keep-alive
Access-Control-Allow-Origin: *
Access-Control-Allow-Methods: GET, POST, DELETE, PUT
Access-Control-Allow-Headers: Content-Type, api_key, Authorization
Server: Jetty(9.2.9.v20150224)

{
    "code": 200,
    "type": "unknown",
    "message": "St"
}
Name of test method sucessfully executed:TestDeleteData
]]></system-out>
  </testcase>
  <testcase name="TestDeleteData[Kb](6)" classname="api.testcases.UserTestDD" time="1.529">
    <system-out><![CDATA[Name of test method started:TestDeleteData
Delete User Data.
HTTP/1.1 200 OK
Date: Sat, 01 Jun 2024 09:07:18 GMT
Content-Type: application/json
Transfer-Encoding: chunked
Connection: keep-alive
Access-Control-Allow-Origin: *
Access-Control-Allow-Methods: GET, POST, DELETE, PUT
Access-Control-Allow-Headers: Content-Type, api_key, Authorization
Server: Jetty(9.2.9.v20150224)

{
    "code": 200,
    "type": "unknown",
    "message": "Kb"
}
Name of test method sucessfully executed:TestDeleteData
]]></system-out>
  </testcase>
</testsuite>