<?xml version="1.0" encoding="UTF-8"?>
<testng-results ignored="0" total="4" passed="4" failed="0" skipped="0">
  <reporter-output>
  </reporter-output>
  <suite started-at="2024-06-01T13:53:06 IST" name="Default suite" finished-at="2024-06-01T13:53:23 IST" duration-ms="16636">
    <groups>
    </groups>
    <test started-at="2024-06-01T13:53:06 IST" name="Default test" finished-at="2024-06-01T13:53:23 IST" duration-ms="16636">
      <class name="api.testcases.UserTest">
        <test-method is-config="true" signature="generateTestData()[pri:0, instance:api.testcases.UserTest@6302bbb1]" started-at="2024-06-01T13:53:06 IST" name="generateTestData" finished-at="2024-06-01T13:53:08 IST" duration-ms="1995" status="PASS">
          <reporter-output>
          </reporter-output>
        </test-method> <!-- generateTestData -->
        <test-method signature="testcreatemethod()[pri:1, instance:api.testcases.UserTest@6302bbb1]" started-at="2024-06-01T13:53:08 IST" name="testcreatemethod" finished-at="2024-06-01T13:53:16 IST" duration-ms="7941" status="PASS">
          <reporter-output>
          </reporter-output>
        </test-method> <!-- testcreatemethod -->
        <test-method signature="getuserdata()[pri:2, instance:api.testcases.UserTest@6302bbb1]" started-at="2024-06-01T13:53:16 IST" name="getuserdata" finished-at="2024-06-01T13:53:18 IST" duration-ms="1722" status="PASS">
          <reporter-output>
          </reporter-output>
        </test-method> <!-- getuserdata -->
        <test-method signature="updateuserdata()[pri:3, instance:api.testcases.UserTest@6302bbb1]" started-at="2024-06-01T13:53:18 IST" name="updateuserdata" finished-at="2024-06-01T13:53:21 IST" duration-ms="3334" status="PASS">
          <reporter-output>
          </reporter-output>
        </test-method> <!-- updateuserdata -->
        <test-method signature="Deleteuserdata()[pri:4, instance:api.testcases.UserTest@6302bbb1]" started-at="2024-06-01T13:53:21 IST" name="Deleteuserdata" finished-at="2024-06-01T13:53:23 IST" duration-ms="1530" status="PASS">
          <reporter-output>
          </reporter-output>
        </test-method> <!-- Deleteuserdata -->
      </class> <!-- api.testcases.UserTest -->
    </test> <!-- Default test -->
  </suite> <!-- Default suite -->
</testng-results>
